<?xml version="1.0" encoding="UTF-8"?>
<!-- Generated by org.testng.reporters.JUnitXMLReporter -->
<testsuite ignored="0" hostname="DESKTOP-24941K1" failures="0" tests="4" name="Test" time="0.078" errors="0" timestamp="2022-08-26T16:25:14 IST">
  <testcase classname="QAclickacademy.Mavenjava.RESTAPITest" name="deleteTwitter" time="0.015"/>
  <testcase classname="QAclickacademy.Mavenjava.RESTAPITest" name="postJira" time="0.003"/>
  <testcase classname="QAclickacademy.Mavenjava.AppiumTest" name="IOSApps" time="0.002"/>
  <testcase classname="QAclickacademy.Mavenjava.AppiumTest" name="nativeAppAndroid" time="0.002"/>
</testsuite> <!-- Test -->
