<?xml version="1.0" encoding="UTF-8"?>
<!-- Generated by org.testng.reporters.JUnitXMLReporter -->
<testsuite ignored="0" hostname="DESKTOP-FJJI9VB" failures="0" tests="6" name="Test" time="0.083" errors="0" timestamp="2022-07-13T16:36:01 IST">
  <testcase classname="QAclickacademy.Mavenjava.RESTAPITest" name="deleteTwitter" time="0.007"/>
  <testcase classname="QAclickacademy.Mavenjava.RESTAPITest" name="postJira" time="0.002"/>
  <testcase classname="QAclickacademy.Mavenjava.AppiumTest" name="IOSApps" time="0.002"/>
  <testcase classname="QAclickacademy.Mavenjava.AppiumTest" name="nativeAppAndroid" time="0.002"/>
  <testcase classname="QAclickacademy.Mavenjava.SeleniumTest" name="BrowserAutomation" time="0.001"/>
  <testcase classname="QAclickacademy.Mavenjava.SeleniumTest" name="elementsUI" time="0.001"/>
</testsuite> <!-- Test -->
