<?xml version="1.0" encoding="UTF-8"?>
<testng-results ignored="0" total="6" passed="6" failed="0" skipped="0">
  <reporter-output>
  </reporter-output>
  <suite started-at="2022-07-13T16:36:01 IST" name="Suite" finished-at="2022-07-13T16:36:01 IST" duration-ms="83">
    <groups>
    </groups>
    <test started-at="2022-07-13T16:36:01 IST" name="Test" finished-at="2022-07-13T16:36:01 IST" duration-ms="83">
      <class name="QAclickacademy.Mavenjava.RESTAPITest">
        <test-method signature="deleteTwitter()[pri:0, instance:QAclickacademy.Mavenjava.RESTAPITest@4f209819]" started-at="2022-07-13T16:36:01 IST" name="deleteTwitter" finished-at="2022-07-13T16:36:01 IST" duration-ms="7" status="PASS">
          <reporter-output>
          </reporter-output>
        </test-method> <!-- deleteTwitter -->
        <test-method signature="postJira()[pri:0, instance:QAclickacademy.Mavenjava.RESTAPITest@4f209819]" started-at="2022-07-13T16:36:01 IST" name="postJira" finished-at="2022-07-13T16:36:01 IST" duration-ms="2" status="PASS">
          <reporter-output>
          </reporter-output>
        </test-method> <!-- postJira -->
      </class> <!-- QAclickacademy.Mavenjava.RESTAPITest -->
      <class name="QAclickacademy.Mavenjava.AppiumTest">
        <test-method signature="IOSApps()[pri:0, instance:QAclickacademy.Mavenjava.AppiumTest@7ed7259e]" started-at="2022-07-13T16:36:01 IST" name="IOSApps" finished-at="2022-07-13T16:36:01 IST" duration-ms="2" status="PASS">
          <reporter-output>
          </reporter-output>
        </test-method> <!-- IOSApps -->
        <test-method signature="nativeAppAndroid()[pri:0, instance:QAclickacademy.Mavenjava.AppiumTest@7ed7259e]" started-at="2022-07-13T16:36:01 IST" name="nativeAppAndroid" finished-at="2022-07-13T16:36:01 IST" duration-ms="2" status="PASS">
          <reporter-output>
          </reporter-output>
        </test-method> <!-- nativeAppAndroid -->
      </class> <!-- QAclickacademy.Mavenjava.AppiumTest -->
      <class name="QAclickacademy.Mavenjava.SeleniumTest">
        <test-method signature="BrowserAutomation()[pri:0, instance:QAclickacademy.Mavenjava.SeleniumTest@28eaa59a]" started-at="2022-07-13T16:36:01 IST" name="BrowserAutomation" finished-at="2022-07-13T16:36:01 IST" duration-ms="1" status="PASS">
          <reporter-output>
          </reporter-output>
        </test-method> <!-- BrowserAutomation -->
        <test-method signature="elementsUI()[pri:0, instance:QAclickacademy.Mavenjava.SeleniumTest@28eaa59a]" started-at="2022-07-13T16:36:01 IST" name="elementsUI" finished-at="2022-07-13T16:36:01 IST" duration-ms="1" status="PASS">
          <reporter-output>
          </reporter-output>
        </test-method> <!-- elementsUI -->
      </class> <!-- QAclickacademy.Mavenjava.SeleniumTest -->
    </test> <!-- Test -->
  </suite> <!-- Suite -->
</testng-results>
