<?xml version="1.0" encoding="UTF-8"?>
<testng-results ignored="0" total="2" passed="2" failed="0" skipped="0">
  <reporter-output>
  </reporter-output>
  <suite started-at="2022-08-26T16:25:50 IST" name="Default suite" finished-at="2022-08-26T16:25:50 IST" duration-ms="68">
    <groups>
    </groups>
    <test started-at="2022-08-26T16:25:50 IST" name="Default test" finished-at="2022-08-26T16:25:50 IST" duration-ms="68">
      <class name="QAclickacademy.Mavenjava.RESTAPITest">
        <test-method signature="deleteTwitter()[pri:0, instance:QAclickacademy.Mavenjava.RESTAPITest@61df66b6]" started-at="2022-08-26T16:25:50 IST" name="deleteTwitter" finished-at="2022-08-26T16:25:50 IST" duration-ms="14" status="PASS">
          <reporter-output>
          </reporter-output>
        </test-method> <!-- deleteTwitter -->
        <test-method signature="postJira()[pri:0, instance:QAclickacademy.Mavenjava.RESTAPITest@61df66b6]" started-at="2022-08-26T16:25:50 IST" name="postJira" finished-at="2022-08-26T16:25:50 IST" duration-ms="2" status="PASS">
          <reporter-output>
          </reporter-output>
        </test-method> <!-- postJira -->
      </class> <!-- QAclickacademy.Mavenjava.RESTAPITest -->
    </test> <!-- Default test -->
  </suite> <!-- Default suite -->
</testng-results>
